app/build/intermediates/manifest_merge_blame_file/debug/manifest-merger-blame-debug-report.txt
1<?xml version="1.0" encoding="utf-8"?>
2<manifest xmlns:android="http://schemas.android.com/apk/res/android"
3    package="com.vistasgruposdevistas"
4    android:versionCode="1"
5    android:versionName="1.0" >
6
7    <uses-sdk
8        android:minSdkVersion="25"
8-->src\main\AndroidManifest.xml
9        android:targetSdkVersion="30" />
9-->src\main\AndroidManifest.xml
10
11    <application
11-->src\main\AndroidManifest.xml:5:5-28:19
12        android:allowBackup="true"
12-->src\main\AndroidManifest.xml:6:9-35
13        android:appComponentFactory="androidx.core.app.CoreComponentFactory"
13-->[androidx.core:core:1.3.1] AndroidManifest.xml:24:18-86
14        android:debuggable="true"
15        android:extractNativeLibs="false"
16        android:icon="@mipmap/ic_launcher"
16-->src\main\AndroidManifest.xml:7:9-43
17        android:label="@string/app_name"
17-->src\main\AndroidManifest.xml:8:9-41
18        android:roundIcon="@mipmap/ic_launcher_round"
18-->src\main\AndroidManifest.xml:9:9-54
19        android:supportsRtl="true"
19-->src\main\AndroidManifest.xml:10:9-35
20        android:testOnly="true"
21        android:theme="@style/Theme.VistasGruposDeVistas" >
21-->src\main\AndroidManifest.xml:11:9-58
22        <activity android:name="com.vistasgruposdevistas.MainActivity11" />
22-->src\main\AndroidManifest.xml:12:9-61
22-->src\main\AndroidManifest.xml:12:19-49
23        <activity android:name="com.vistasgruposdevistas.MainActivity9" />
23-->src\main\AndroidManifest.xml:13:9-51
23-->src\main\AndroidManifest.xml:13:19-48
24        <activity android:name="com.vistasgruposdevistas.MainActivity8" />
24-->src\main\AndroidManifest.xml:14:9-51
24-->src\main\AndroidManifest.xml:14:19-48
25        <activity android:name="com.vistasgruposdevistas.MainActivity7" />
25-->src\main\AndroidManifest.xml:15:9-51
25-->src\main\AndroidManifest.xml:15:19-48
26        <activity android:name="com.vistasgruposdevistas.MainActivity6" />
26-->src\main\AndroidManifest.xml:16:9-51
26-->src\main\AndroidManifest.xml:16:19-48
27        <activity android:name="com.vistasgruposdevistas.MainActivity5" />
27-->src\main\AndroidManifest.xml:17:9-51
27-->src\main\AndroidManifest.xml:17:19-48
28        <activity android:name="com.vistasgruposdevistas.MainActivity4" />
28-->src\main\AndroidManifest.xml:18:9-51
28-->src\main\AndroidManifest.xml:18:19-48
29        <activity android:name="com.vistasgruposdevistas.MainActivity3" />
29-->src\main\AndroidManifest.xml:19:9-51
29-->src\main\AndroidManifest.xml:19:19-48
30        <activity android:name="com.vistasgruposdevistas.MainActivity2" />
30-->src\main\AndroidManifest.xml:20:9-51
30-->src\main\AndroidManifest.xml:20:19-48
31        <activity android:name="com.vistasgruposdevistas.MainActivity" >
31-->src\main\AndroidManifest.xml:21:9-27:20
31-->src\main\AndroidManifest.xml:21:19-47
32            <intent-filter>
32-->src\main\AndroidManifest.xml:22:13-26:29
33                <action android:name="android.intent.action.MAIN" />
33-->src\main\AndroidManifest.xml:23:17-69
33-->src\main\AndroidManifest.xml:23:25-66
34
35                <category android:name="android.intent.category.LAUNCHER" />
35-->src\main\AndroidManifest.xml:25:17-77
35-->src\main\AndroidManifest.xml:25:27-74
36            </intent-filter>
37        </activity>
38    </application>
39
40</manifest>